<?xml version="1.0" encoding="UTF-8"?>
<testsuite name="org.example.SumCalulatorTest" tests="1" skipped="0" failures="0" errors="0" timestamp="2023-10-18T12:13:27" hostname="DESKTOP-9ERQLRK" time="0.045">
  <properties/>
  <testcase name="sumTest()" classname="org.example.SumCalulatorTest" time="0.045"/>
  <system-out><![CDATA[]]></system-out>
  <system-err><![CDATA[]]></system-err>
</testsuite>
